<?xml version="1.0" encoding="UTF-8"?>
<!-- Generated by org.testng.reporters.JUnitReportReporter -->
<testsuite hostname="DESKTOP-6HA8JBE" failures="0" tests="1" name="Maven.Maven_Demo" time="11.277" errors="0" timestamp="2023-07-25T13:17:55 IST" skipped="0">
  <testcase classname="Maven.Maven_Demo" name="testmaven" time="11.277"/>
</testsuite> <!-- Maven.Maven_Demo -->
